# JRE version: Java(TM) SE Runtime Environment (12.0.2+10) (build 12.0.2+10)
# Java VM: Java HotSpot(TM) 64-Bit Server VM (12.0.2+10, mixed mode, sharing, tiered, compressed oops, g1 gc, windows-amd64)
Heap:
 garbage-first heap   total 129024K, used 55062K [0x0000000083800000, 0x0000000100000000)
  region size 1024K, 44 young (45056K), 3 survivors (3072K)
 Metaspace       used 14303K, capacity 14870K, committed 15232K, reserved 1062912K
  class space    used 1852K, capacity 2054K, committed 2176K, reserved 1048576K
GC Heap History (8 events):
Event: 11.002 GC heap before
{Heap before GC invocations=0 (full 0):
 garbage-first heap   total 129024K, used 13312K [0x0000000083800000, 0x0000000100000000)
  region size 1024K, 14 young (14336K), 0 survivors (0K)
 Metaspace       used 499K, capacity 4519K, committed 4864K, reserved 1056768K
  class space    used 50K, capacity 398K, committed 512K, reserved 1048576K
}
Event: 11.019 GC heap after
{Heap after GC invocations=1 (full 0):
 garbage-first heap   total 129024K, used 6946K [0x0000000083800000, 0x0000000100000000)
  region size 1024K, 2 young (2048K), 2 survivors (2048K)
 Metaspace       used 499K, capacity 4519K, committed 4864K, reserved 1056768K
  class space    used 50K, capacity 398K, committed 512K, reserved 1048576K
}
Event: 13.093 GC heap before
{Heap before GC invocations=1 (full 0):
 garbage-first heap   total 129024K, used 20258K [0x0000000083800000, 0x0000000100000000)
  region size 1024K, 14 young (14336K), 2 survivors (2048K)
 Metaspace       used 4438K, capacity 5079K, committed 5248K, reserved 1056768K
  class space    used 547K, capacity 636K, committed 640K, reserved 1048576K
}
Event: 13.098 GC heap after
{Heap after GC invocations=2 (full 0):
 garbage-first heap   total 129024K, used 11745K [0x0000000083800000, 0x0000000100000000)
  region size 1024K, 2 young (2048K), 2 survivors (2048K)
 Metaspace       used 4438K, capacity 5079K, committed 5248K, reserved 1056768K
  class space    used 547K, capacity 636K, committed 640K, reserved 1048576K
}
Event: 14.200 GC heap before
{Heap before GC invocations=2 (full 0):
 garbage-first heap   total 129024K, used 36321K [0x0000000083800000, 0x0000000100000000)
  region size 1024K, 26 young (26624K), 2 survivors (2048K)
 Metaspace       used 7194K, capacity 7513K, committed 7680K, reserved 1056768K
  class space    used 906K, capacity 1022K, committed 1024K, reserved 1048576K
}
Event: 14.267 GC heap after
{Heap after GC invocations=3 (full 0):
 garbage-first heap   total 129024K, used 13145K [0x0000000083800000, 0x0000000100000000)
  region size 1024K, 4 young (4096K), 4 survivors (4096K)
 Metaspace       used 7194K, capacity 7513K, committed 7680K, reserved 1056768K
  class space    used 906K, capacity 1022K, committed 1024K, reserved 1048576K
}
Event: 15.203 GC heap before
{Heap before GC invocations=3 (full 0):
 garbage-first heap   total 129024K, used 43865K [0x0000000083800000, 0x0000000100000000)
  region size 1024K, 35 young (35840K), 4 survivors (4096K)
 Metaspace       used 10335K, capacity 10782K, committed 11008K, reserved 1058816K
  class space    used 1305K, capacity 1449K, committed 1536K, reserved 1048576K
}
Event: 15.209 GC heap after
{Heap after GC invocations=4 (full 0):
 garbage-first heap   total 129024K, used 14102K [0x0000000083800000, 0x0000000100000000)
  region size 1024K, 3 young (3072K), 3 survivors (3072K)
 Metaspace       used 10335K, capacity 10782K, committed 11008K, reserved 1058816K
  class space    used 1305K, capacity 1449K, committed 1536K, reserved 1048576K
}

